<?xml version="1.0" encoding="UTF-8" ?>
<testsuite errors="1" failures="0" hostname="MCPK01" name="calc.AllTests" skipped="0" tests="1" time="0.0" timestamp="2017-11-29T11:10:50">
  <properties>
[...]
</properties>
  <error message="calc.AllTests" type="java.lang.ClassNotFoundException">java.lang.ClassNotFoundException: calc.AllTests
	at java.net.URLClassLoader.findClass(Unknown Source)
	at java.lang.ClassLoader.loadClass(Unknown Source)
	at sun.misc.Launcher$AppClassLoader.loadClass(Unknown Source)
	at java.lang.ClassLoader.loadClass(Unknown Source)
	at java.lang.Class.forName0(Native Method)
	at java.lang.Class.forName(Unknown Source)
</error>
  <system-out><![CDATA[]]></system-out>
  <system-err><![CDATA[]]></system-err>
</testsuite>
